<?xml version="1.0" encoding="UTF-8"?>
<testng-results skipped="0" failed="0" ignored="0" total="1" passed="1">
  <reporter-output>
  </reporter-output>
  <suite name="Default suite" duration-ms="65513" started-at="2020-05-22T15:41:27 IST" finished-at="2020-05-22T15:42:33 IST">
    <groups>
      <group name="cucumber">
        <method signature="AbstractTestNGCucumberTests.feature(cucumber.api.testng.CucumberFeatureWrapper)[pri:0, instance:testRunner.TestRunner@3fd7a715]" name="feature" class="cucumber.api.testng.AbstractTestNGCucumberTests"/>
      </group> <!-- cucumber -->
    </groups>
    <test name="Default test" duration-ms="65513" started-at="2020-05-22T15:41:27 IST" finished-at="2020-05-22T15:42:33 IST">
      <class name="testRunner.TestRunner">
        <test-method status="PASS" signature="setUpClass()[pri:0, instance:testRunner.TestRunner@3fd7a715]" name="setUpClass" is-config="true" duration-ms="302" started-at="2020-05-22T15:41:27 IST" finished-at="2020-05-22T15:41:27 IST">
          <reporter-output>
          </reporter-output>
        </test-method> <!-- setUpClass -->
        <test-method status="PASS" signature="setup()[pri:0, instance:testRunner.TestRunner@3fd7a715]" name="setup" is-config="true" duration-ms="127" started-at="2020-05-22T15:41:27 IST" finished-at="2020-05-22T15:41:28 IST">
          <reporter-output>
          </reporter-output>
        </test-method> <!-- setup -->
        <test-method status="PASS" signature="feature(cucumber.api.testng.CucumberFeatureWrapper)[pri:0, instance:testRunner.TestRunner@3fd7a715]" name="feature" duration-ms="64921" started-at="2020-05-22T15:41:28 IST" description="Runs Cucumber Feature" data-provider="features" finished-at="2020-05-22T15:42:33 IST">
          <params>
            <param index="0">
              <value>
                <![CDATA[Acceptance testing to validate search car page is working]]>
              </value>
            </param>
          </params>
          <reporter-output>
          </reporter-output>
        </test-method> <!-- feature -->
        <test-method status="PASS" signature="tearDownClass()[pri:0, instance:testRunner.TestRunner@3fd7a715]" name="tearDownClass" is-config="true" duration-ms="55" started-at="2020-05-22T15:42:33 IST" finished-at="2020-05-22T15:42:33 IST">
          <reporter-output>
          </reporter-output>
        </test-method> <!-- tearDownClass -->
      </class> <!-- testRunner.TestRunner -->
    </test> <!-- Default test -->
  </suite> <!-- Default suite -->
</testng-results>
